<?xml version="1.0" encoding="UTF-8"?>
<testng-results skipped="0" failed="0" ignored="0" total="1" passed="1">
  <reporter-output>
  </reporter-output>
  <suite name="Default suite" duration-ms="46329" started-at="2021-04-07T06:31:43Z" finished-at="2021-04-07T06:32:29Z">
    <groups>
      <group name="cucumber">
        <method signature="AbstractTestNGCucumberTests.runScenario(cucumber.api.testng.PickleEventWrapper, cucumber.api.testng.CucumberFeatureWrapper)[pri:0, instance:testRunner.TestRunner@6e06451e]" name="runScenario" class="cucumber.api.testng.AbstractTestNGCucumberTests"/>
      </group> <!-- cucumber -->
    </groups>
    <test name="Default test" duration-ms="46329" started-at="2021-04-07T06:31:43Z" finished-at="2021-04-07T06:32:29Z">
      <class name="testRunner.TestRunner">
        <test-method status="PASS" signature="setUpClass()[pri:0, instance:testRunner.TestRunner@6e06451e]" name="setUpClass" is-config="true" duration-ms="164" started-at="2021-04-07T06:31:43Z" finished-at="2021-04-07T06:31:43Z">
          <reporter-output>
          </reporter-output>
        </test-method> <!-- setUpClass -->
        <test-method status="PASS" signature="runScenario(cucumber.api.testng.PickleEventWrapper, cucumber.api.testng.CucumberFeatureWrapper)[pri:0, instance:testRunner.TestRunner@6e06451e]" name="runScenario" duration-ms="44797" started-at="2021-04-07T06:31:43Z" description="Runs Cucumber Scenarios" data-provider="scenarios" finished-at="2021-04-07T06:32:28Z">
          <params>
            <param index="0">
              <value>
                <![CDATA["To Verify the compose function of Gmail"]]>
              </value>
            </param>
            <param index="1">
              <value>
                <![CDATA["Compose Function of Gmail"]]>
              </value>
            </param>
          </params>
          <reporter-output>
          </reporter-output>
        </test-method> <!-- runScenario -->
        <test-method status="PASS" signature="quitDriver()[pri:0, instance:testRunner.TestRunner@6e06451e]" name="quitDriver" is-config="true" duration-ms="1180" started-at="2021-04-07T06:32:28Z" finished-at="2021-04-07T06:32:29Z">
          <reporter-output>
          </reporter-output>
        </test-method> <!-- quitDriver -->
        <test-method status="PASS" signature="tearDownClass()[pri:0, instance:testRunner.TestRunner@6e06451e]" name="tearDownClass" is-config="true" duration-ms="105" started-at="2021-04-07T06:32:29Z" finished-at="2021-04-07T06:32:29Z">
          <reporter-output>
          </reporter-output>
        </test-method> <!-- tearDownClass -->
      </class> <!-- testRunner.TestRunner -->
    </test> <!-- Default test -->
  </suite> <!-- Default suite -->
</testng-results>
